0 info it worked if it ends with ok
1 verbose cli [ '/usr/local/Cellar/node/6.2.0/bin/node',
1 verbose cli   '/usr/local/bin/npm',
1 verbose cli   'i',
1 verbose cli   '—save',
1 verbose cli   'karma-coverage' ]
2 info using npm@3.8.9
3 info using node@v6.2.0
4 silly loadCurrentTree Starting
5 silly install loadCurrentTree
6 silly install readLocalPackageData
7 silly fetchPackageMetaData —save
8 silly fetchPackageMetaData karma-coverage
9 silly fetchOtherPackageData —save
10 silly cache add args [ '—save', null ]
11 verbose cache add spec —save
12 silly fetchNamedPackageData karma-coverage
13 silly mapToRegistry name karma-coverage
14 silly mapToRegistry using default registry
15 silly mapToRegistry registry https://registry.npmjs.org/
16 silly mapToRegistry data Result {
16 silly mapToRegistry   raw: 'karma-coverage',
16 silly mapToRegistry   scope: null,
16 silly mapToRegistry   name: 'karma-coverage',
16 silly mapToRegistry   rawSpec: '',
16 silly mapToRegistry   spec: 'latest',
16 silly mapToRegistry   type: 'tag' }
17 silly mapToRegistry uri https://registry.npmjs.org/karma-coverage
18 silly cache add parsed spec Result {
18 silly cache add   raw: '—save',
18 silly cache add   scope: null,
18 silly cache add   name: null,
18 silly cache add   rawSpec: '—save',
18 silly cache add   spec: '/Users/Jenn/side_projects/react-testing-clinic/—save',
18 silly cache add   type: 'local' }
19 error addLocal Could not install /Users/Jenn/side_projects/react-testing-clinic/—save
20 silly fetchPackageMetaData Error: ENOENT: no such file or directory, open '/Users/Jenn/side_projects/react-testing-clinic/—save'
20 silly fetchPackageMetaData     at Error (native)
20 silly fetchPackageMetaData  error for —save { Error: ENOENT: no such file or directory, open '/Users/Jenn/side_projects/react-testing-clinic/—save'
20 silly fetchPackageMetaData     at Error (native)
20 silly fetchPackageMetaData   errno: -2,
20 silly fetchPackageMetaData   code: 'ENOENT',
20 silly fetchPackageMetaData   syscall: 'open',
20 silly fetchPackageMetaData   path: '/Users/Jenn/side_projects/react-testing-clinic/—save' }
21 verbose request uri https://registry.npmjs.org/karma-coverage
22 verbose request no auth needed
23 info attempt registry request try #1 at 11:46:43 AM
24 verbose request id ea71f79ea48d017a
25 verbose etag W/"5853c3b8-15da3"
26 verbose lastModified Fri, 16 Dec 2016 10:36:40 GMT
27 http request GET https://registry.npmjs.org/karma-coverage
28 info retry will retry, error on last attempt: TypeError: The header content contains invalid characters
29 info attempt registry request try #2 at 11:46:53 AM
30 verbose etag W/"5853c3b8-15da3"
31 verbose lastModified Fri, 16 Dec 2016 10:36:40 GMT
32 http request GET https://registry.npmjs.org/karma-coverage
33 info retry will retry, error on last attempt: TypeError: The header content contains invalid characters
34 info attempt registry request try #3 at 11:47:53 AM
35 verbose etag W/"5853c3b8-15da3"
36 verbose lastModified Fri, 16 Dec 2016 10:36:40 GMT
37 http request GET https://registry.npmjs.org/karma-coverage
38 silly get cb [ 304, undefined ]
39 verbose etag https://registry.npmjs.org/karma-coverage from cache
40 verbose get saving karma-coverage to /Users/Jenn/.npm/registry.npmjs.org/karma-coverage/.cache.json
41 verbose correctMkdir /Users/Jenn/.npm correctMkdir not in flight; initializing
42 silly rollbackFailedOptional Starting
43 silly rollbackFailedOptional Finishing
44 silly runTopLevelLifecycles Starting
45 silly runTopLevelLifecycles Finishing
46 silly install printInstalled
47 verbose stack Error: ENOENT: no such file or directory, open '/Users/Jenn/side_projects/react-testing-clinic/—save'
47 verbose stack     at Error (native)
48 verbose cwd /Users/Jenn/side_projects/react-testing-clinic
49 error Darwin 15.6.0
50 error argv "/usr/local/Cellar/node/6.2.0/bin/node" "/usr/local/bin/npm" "i" "—save" "karma-coverage"
51 error node v6.2.0
52 error npm  v3.8.9
53 error path /Users/Jenn/side_projects/react-testing-clinic/—save
54 error code ENOENT
55 error errno -2
56 error syscall open
57 error enoent ENOENT: no such file or directory, open '/Users/Jenn/side_projects/react-testing-clinic/—save'
58 error enoent ENOENT: no such file or directory, open '/Users/Jenn/side_projects/react-testing-clinic/—save'
58 error enoent This is most likely not a problem with npm itself
58 error enoent and is related to npm not being able to find a file.
59 verbose exit [ -2, true ]
